2022-08-11T01:46:59.158Z [alunos] info: API Started and File Created!
2022-08-11T01:47:00.378Z [alunos] info: API Started!
2022-08-11T01:49:21.883Z [alunos] info: API Started!
2022-08-11T11:35:57.468Z [alunos] info: API Started!
2022-08-11T11:36:39.473Z [alunos] info: API Started!
2022-08-11T11:36:48.098Z [alunos] error: POST /alunos - Name, Materia, Atividade e Valor são obrigatórios.
2022-08-11T11:36:57.567Z [alunos] info: GET /alunos
2022-08-11T11:37:48.288Z [alunos] error: POST /alunos - Name, Materia, Atividade e Valor são obrigatórios.
2022-08-11T11:39:43.876Z [alunos] error: POST /alunos - account is not defined
2022-08-11T11:41:11.079Z [alunos] info: API Started!
2022-08-11T11:44:27.027Z [alunos] info: API Started!
2022-08-11T11:44:59.901Z [alunos] info: API Started!
2022-08-11T11:45:45.823Z [alunos] info: API Started!
2022-08-11T11:46:34.900Z [alunos] info: GET /alunos
2022-08-11T11:46:48.006Z [alunos] error: POST /alunos - grades is not defined
2022-08-11T11:49:47.599Z [alunos] info: API Started!
2022-08-11T11:49:52.599Z [alunos] info: API Started!
2022-08-11T11:50:00.667Z [alunos] error: POST /alunos - Cannot read properties of undefined (reading 'push')
2022-08-11T11:50:36.557Z [alunos] info: API Started!
2022-08-11T11:50:39.345Z [alunos] error: POST /alunos - Cannot read properties of undefined (reading 'push')
2022-08-11T11:51:12.440Z [alunos] info: API Started!
2022-08-11T11:51:25.382Z [alunos] error: POST /alunos - Cannot read properties of undefined (reading 'push')
2022-08-11T11:54:05.237Z [alunos] info: API Started!
2022-08-11T11:55:11.687Z [alunos] error: POST /alunos - Cannot read properties of undefined (reading 'push')
2022-08-11T11:58:19.852Z [alunos] info: API Started!
2022-08-11T11:58:29.972Z [alunos] error: POST /alunos - Cannot read properties of undefined (reading 'push')
2022-08-11T11:59:10.290Z [alunos] info: API Started!
2022-08-11T11:59:47.157Z [alunos] info: API Started!
2022-08-11T11:59:52.728Z [alunos] error: POST /alunos - Cannot read properties of undefined (reading 'push')
2022-08-11T12:00:10.972Z [alunos] error: POST /alunos - Cannot read properties of undefined (reading 'push')
2022-08-11T12:02:10.056Z [alunos] info: API Started!
2022-08-11T12:05:19.070Z [alunos] info: API Started!
2022-08-11T12:06:43.678Z [alunos] info: API Started!
2022-08-11T12:06:59.539Z [alunos] info: API Started!
2022-08-11T12:07:12.978Z [alunos] info: API Started!
2022-08-11T12:07:24.075Z [alunos] info: API Started!
2022-08-11T12:07:39.483Z [alunos] info: API Started!
2022-08-11T12:08:33.341Z [alunos] error: POST /alunos - Cannot read properties of undefined (reading 'push')
2022-08-11T12:10:32.262Z [alunos] info: API Started!
2022-08-11T12:10:34.466Z [alunos] info: API Started!
2022-08-11T12:10:37.605Z [alunos] info: API Started!
2022-08-11T12:10:40.475Z [alunos] info: API Started!
2022-08-11T12:11:01.189Z [alunos] info: API Started!
2022-08-11T12:11:06.226Z [alunos] info: API Started!
2022-08-11T12:11:09.062Z [alunos] info: API Started!
2022-08-11T12:11:12.964Z [alunos] info: API Started!
2022-08-11T12:11:16.216Z [alunos] info: API Started!
2022-08-11T12:11:26.075Z [alunos] info: API Started!
2022-08-11T12:11:32.313Z [alunos] info: API Started!
2022-08-11T12:12:42.418Z [alunos] info: GET /alunos
2022-08-11T12:13:26.288Z [alunos] info: API Started!
2022-08-11T12:13:43.957Z [alunos] info: POST /alunos - {"id":49,"timestamp":"Hoje é dia 11/8 de 2022. Agora são 9:13h."}
2022-08-11T12:13:44.488Z [alunos] info: API Started!
2022-08-11T12:14:07.569Z [alunos] info: GET /alunos
2022-08-11T12:15:10.185Z [alunos] info: GET /alunos
2022-08-11T12:15:23.454Z [alunos] error: POST /alunos - Name, Materia, Atividade e Valor são obrigatórios.
2022-08-11T12:16:30.005Z [alunos] info: API Started!
2022-08-11T12:16:40.161Z [alunos] info: API Started!
2022-08-11T12:16:48.792Z [alunos] info: API Started!
2022-08-11T12:16:53.666Z [alunos] info: API Started!
2022-08-11T12:16:54.863Z [alunos] info: API Started!
2022-08-11T12:17:03.639Z [alunos] info: POST /alunos - {"id":50,"student":"Sandrinha","subject":"DEVWEB","type":"Prova","value":45,"timestamp":"Hoje é dia 11/8 de 2022. Agora são 9:17h."}
2022-08-11T12:17:04.119Z [alunos] info: API Started!
2022-08-11T12:17:20.602Z [alunos] info: GET /alunos
2022-08-11T12:17:54.312Z [alunos] error: GET /alunos - Cannot read properties of undefined (reading 'find')
2022-08-11T12:18:28.454Z [alunos] info: API Started!
2022-08-11T12:18:32.769Z [alunos] info: API Started!
2022-08-11T12:18:35.164Z [alunos] info: API Started!
2022-08-11T12:18:38.327Z [alunos] info: API Started!
2022-08-11T12:18:42.288Z [alunos] info: API Started!
2022-08-11T12:18:45.051Z [alunos] info: API Started!
2022-08-11T12:18:46.867Z [alunos] info: GET /alunos/:id
2022-08-11T12:18:52.259Z [alunos] error: DELETE /alunos - Cannot read properties of undefined (reading 'filter')
2022-08-11T12:19:05.640Z [alunos] info: API Started!
2022-08-11T12:19:11.547Z [alunos] info: API Started!
2022-08-11T12:19:12.612Z [alunos] info: API Started!
2022-08-11T12:19:14.426Z [alunos] info: API Started!
2022-08-11T12:19:16.415Z [alunos] info: DELETE /alunos/:id - 49
2022-08-11T12:19:16.895Z [alunos] info: API Started!
2022-08-11T12:19:22.067Z [alunos] info: GET /alunos/:id
2022-08-11T12:19:23.242Z [alunos] info: GET /alunos/:id
2022-08-11T12:20:07.121Z [alunos] info: API Started!
2022-08-11T12:20:21.201Z [alunos] info: API Started!
2022-08-11T12:20:24.500Z [alunos] info: API Started!
2022-08-11T12:20:29.850Z [alunos] info: API Started!
2022-08-11T12:20:33.026Z [alunos] info: API Started!
2022-08-11T12:20:34.746Z [alunos] info: API Started!
2022-08-11T12:20:38.427Z [alunos] info: API Started!
2022-08-11T12:20:44.186Z [alunos] info: API Started!
2022-08-11T12:20:47.519Z [alunos] info: API Started!
2022-08-11T12:20:50.016Z [alunos] info: API Started!
2022-08-11T12:21:01.329Z [alunos] info: API Started!
2022-08-11T12:21:02.534Z [alunos] info: API Started!
2022-08-11T12:21:06.638Z [alunos] info: API Started!
2022-08-11T12:21:20.995Z [alunos] error: PUT /alunos - aluno is not defined
2022-08-11T12:21:23.845Z [alunos] info: GET /alunos
2022-08-11T12:21:39.819Z [alunos] info: API Started!
2022-08-11T12:21:41.190Z [alunos] info: API Started!
2022-08-11T12:21:44.438Z [alunos] info: API Started!
2022-08-11T12:22:27.392Z [alunos] error: PUT /alunos - aluno is not defined
2022-08-11T12:22:40.626Z [alunos] info: API Started!
2022-08-11T12:22:42.391Z [alunos] error: PUT /alunos - aluno is not defined
2022-08-11T12:22:48.240Z [alunos] info: API Started!
2022-08-11T12:22:53.949Z [alunos] info: API Started!
2022-08-11T12:22:56.356Z [alunos] info: API Started!
2022-08-11T12:23:01.860Z [alunos] info: API Started!
2022-08-11T12:23:06.261Z [alunos] info: API Started!
2022-08-11T12:23:08.437Z [alunos] info: API Started!
2022-08-11T12:23:12.845Z [alunos] error: PUT /alunos - aluno is not defined
2022-08-11T12:23:15.895Z [alunos] info: GET /alunos
2022-08-11T12:23:34.303Z [alunos] info: GET /alunos
2022-08-11T12:24:20.895Z [alunos] info: API Started!
2022-08-11T12:24:26.960Z [alunos] info: API Started!
2022-08-11T12:24:28.688Z [alunos] info: API Started!
2022-08-11T12:25:14.685Z [alunos] info: POST /alunos - {"id":51,"student":"Bárbara","subject":"03 - React","type":"Prova","value":36,"timestamp":"11/8 de 2022 - 9:25h."}
2022-08-11T12:25:15.168Z [alunos] info: API Started!
2022-08-11T12:25:23.783Z [alunos] info: API Started!
2022-08-11T12:25:25.988Z [alunos] info: POST /alunos - {"id":52,"student":"Bárbara","subject":"03 - React","type":"Prova","value":36,"timestamp":"11/8/2022 - 9:25h."}
2022-08-11T12:25:26.462Z [alunos] info: API Started!
2022-08-11T12:25:56.136Z [alunos] info: API Started!
2022-08-11T12:25:57.653Z [alunos] info: API Started!
2022-08-11T12:26:01.259Z [alunos] info: GET /alunos
2022-08-11T12:26:11.655Z [alunos] info: POST /alunos - {"id":53,"student":"Bárbara","subject":"03 - React","type":"Prova","value":36,"timestamp":"11/8/2022 - 9:26h."}
2022-08-11T12:26:12.123Z [alunos] info: API Started!
2022-08-11T12:26:18.326Z [alunos] info: GET /alunos
2022-08-11T12:26:27.224Z [alunos] info: API Started!
2022-08-11T12:26:46.644Z [alunos] info: GET /alunos
2022-08-11T12:27:45.333Z [alunos] error: PUT /alunos - aluno is not defined
2022-08-11T12:27:56.391Z [alunos] info: API Started!
2022-08-11T12:27:57.791Z [alunos] info: PUT /alunos - {"id":1,"student":"Lara Silva","subject":"01 - React","type":"Fórum","value":15}
2022-08-11T12:27:58.258Z [alunos] info: API Started!
2022-08-11T12:28:01.679Z [alunos] info: GET /alunos
2022-08-11T12:28:14.661Z [alunos] info: API Started!
2022-08-11T12:30:52.007Z [alunos] info: GET /alunos
2022-08-11T12:31:39.265Z [alunos] info: DELETE /alunos/:id - 1
2022-08-11T12:31:39.774Z [alunos] info: API Started!
2022-08-11T12:31:42.699Z [alunos] info: GET /alunos/:id
2022-08-11T12:31:45.698Z [alunos] info: GET /alunos
2022-08-11T12:32:01.230Z [alunos] info: POST /alunos - {"id":2,"student":"Lara Silva","subject":"01 - React","type":"Prova","value":15,"timestamp":"11/8/2022 - 9:32h."}
2022-08-11T12:32:01.709Z [alunos] info: API Started!
2022-08-11T12:32:14.087Z [alunos] info: DELETE /alunos/:id - 1
2022-08-11T12:32:14.573Z [alunos] info: API Started!
2022-08-11T12:32:24.764Z [alunos] info: API Started!
2022-08-11T12:32:27.256Z [alunos] info: API Started!
2022-08-11T12:32:40.047Z [alunos] info: POST /alunos - {"id":1,"student":"Lara Silva","subject":"01 - React","type":"Prova","value":15,"timestamp":"11/8/2022 - 9:32h."}
2022-08-11T12:32:40.556Z [alunos] info: API Started!
2022-08-11T12:33:15.693Z [alunos] info: POST /alunos - {"id":2,"student":"Pedro Vieira","subject":"02 - HTML e CSS","type":"Atividade","value":15,"timestamp":"11/8/2022 - 9:33h."}
2022-08-11T12:33:16.190Z [alunos] info: API Started!
2022-08-11T12:33:19.676Z [alunos] info: GET /alunos
2022-08-11T12:35:36.627Z [alunos] info: API Started!
2022-08-11T12:35:51.709Z [alunos] info: API Started!
2022-08-11T12:36:18.745Z [alunos] info: API Started!
2022-08-11T12:36:19.806Z [alunos] info: API Started!
2022-08-11T12:36:25.611Z [alunos] info: API Started!
2022-08-11T12:36:26.118Z [alunos] info: API Started!
2022-08-11T12:36:27.148Z [alunos] info: API Started!
2022-08-11T12:37:37.686Z [alunos] info: API Started!
2022-08-11T12:38:51.754Z [alunos] info: API Started!
2022-08-11T12:39:11.236Z [alunos] info: API Started!
2022-08-11T12:39:34.070Z [alunos] info: API Started!
2022-08-11T12:41:28.972Z [alunos] info: API Started!
2022-08-11T12:41:57.625Z [alunos] info: API Started!
2022-08-11T12:42:02.882Z [alunos] info: API Started!
2022-08-11T12:42:18.213Z [alunos] info: GET /alunos
2022-08-11T12:43:40.091Z [alunos] info: API Started!
2022-08-11T12:43:41.976Z [alunos] info: GET /alunos
2022-08-11T12:43:59.545Z [alunos] info: API Started!
2022-08-11T12:44:00.884Z [alunos] info: GET /alunos
2022-08-11T12:44:08.603Z [alunos] info: API Started!
2022-08-11T12:44:20.781Z [alunos] info: GET /alunos
2022-08-11T12:45:25.671Z [alunos] info: API Started!
2022-08-11T12:45:32.223Z [alunos] info: API Started!
2022-08-11T12:45:33.789Z [alunos] info: API Started!
2022-08-11T12:45:35.119Z [alunos] info: GET /alunos
2022-08-11T12:48:09.124Z [alunos] info: API Started!
2022-08-11T12:49:07.482Z [alunos] info: API Started!
2022-08-11T12:49:31.473Z [alunos] info: GET /alunos
2022-08-11T12:49:32.534Z [alunos] info: GET /alunos
2022-08-11T12:49:33.686Z [alunos] info: GET /alunos
2022-08-11T12:50:13.011Z [alunos] info: GET /alunos
2022-08-11T12:50:14.764Z [alunos] info: GET /alunos
2022-08-11T12:50:54.786Z [alunos] info: GET /alunos
2022-08-11T12:51:11.686Z [alunos] info: API Started!
2022-08-11T12:51:14.465Z [alunos] info: GET /alunos
2022-08-11T12:51:15.840Z [alunos] info: GET /alunos
2022-08-11T12:52:41.312Z [alunos] info: API Started!
2022-08-11T12:52:58.034Z [alunos] info: GET /alunos
2022-08-11T12:53:03.294Z [alunos] info: GET /alunos
2022-08-11T12:53:03.986Z [alunos] info: GET /alunos
2022-08-15T15:10:31.607Z [alunos] info: API Started!
2022-08-15T15:12:21.882Z [alunos] info: GET /alunos
2022-08-15T15:12:24.696Z [alunos] info: GET /alunos
2022-08-15T15:12:36.011Z [alunos] info: GET /alunos
2022-08-15T15:13:35.143Z [alunos] info: API Started!
2022-08-15T15:13:40.003Z [alunos] info: API Started!
2022-08-15T15:13:46.205Z [alunos] info: API Started!
2022-08-15T15:13:49.420Z [alunos] info: API Started!
2022-08-15T15:13:54.468Z [alunos] info: API Started!
2022-08-15T15:13:55.202Z [alunos] info: API Started!
2022-08-15T15:14:32.368Z [alunos] info: API Started!
2022-08-15T15:14:34.691Z [alunos] info: API Started!
2022-08-15T15:14:38.755Z [alunos] info: API Started!
2022-08-15T15:14:39.799Z [alunos] info: API Started!
2022-08-15T15:17:32.288Z [alunos] info: API Started!
2022-08-15T15:17:59.521Z [alunos] info: API Started!
2022-08-15T15:18:02.984Z [alunos] info: API Started!
2022-08-15T15:18:06.285Z [alunos] info: API Started!
2022-08-15T15:18:08.877Z [alunos] info: API Started!
2022-08-15T15:18:09.776Z [alunos] info: API Started!
2022-08-15T15:20:34.367Z [alunos] info: GET /alunos/:id
2022-08-15T15:23:14.676Z [alunos] info: GET /alunos
2022-08-15T15:24:15.847Z [alunos] info: POST /alunos - {"id":3,"student":"Pedro Vieira","subject":"02 - HTML e CSS","type":"Prova Prática","value":16,"timestamp":"15/8/2022 - 12:24h."}
2022-08-15T15:24:16.589Z [alunos] info: API Started!
2022-08-15T15:24:31.891Z [alunos] info: POST /alunos - {"id":4,"student":"Pedro Vieira","subject":"02 - HTML e CSS","type":"Revisão","value":5,"timestamp":"15/8/2022 - 12:24h."}
2022-08-15T15:24:32.459Z [alunos] info: API Started!
2022-08-15T15:24:42.740Z [alunos] info: GET /alunos
2022-08-15T15:26:12.311Z [alunos] info: API Started!
2022-08-15T15:26:15.449Z [alunos] info: API Started!
2022-08-15T15:26:18.312Z [alunos] info: API Started!
2022-08-15T15:26:21.552Z [alunos] info: API Started!
2022-08-15T15:26:44.797Z [alunos] info: GET /alunos/:id
2022-08-15T15:28:46.520Z [alunos] info: API Started!
2022-08-15T15:29:24.869Z [alunos] info: API Started!
2022-08-15T15:29:31.189Z [alunos] info: GET /alunos/:id/soma
2022-08-15T15:30:24.440Z [alunos] info: API Started!
2022-08-15T15:30:37.524Z [alunos] info: API Started!
2022-08-15T15:31:01.184Z [alunos] info: API Started!
2022-08-15T15:32:06.479Z [alunos] info: API Started!
2022-08-15T15:33:13.982Z [alunos] info: API Started!
2022-08-15T15:33:17.414Z [alunos] info: API Started!
2022-08-15T15:33:22.409Z [alunos] info: API Started!
2022-08-15T15:33:27.282Z [alunos] info: API Started!
2022-08-15T15:33:33.164Z [alunos] info: API Started!
2022-08-16T18:16:45.289Z [alunos] info: API Started!
2022-08-16T18:16:53.407Z [alunos] info: POST /alunos - {"id":5,"student":"Pedro Vieira","subject":"02 - HTML e CSS","type":"Revisão","value":5,"timestamp":"16/8/2022 - 15:16h."}
2022-08-16T18:16:54.237Z [alunos] info: API Started!
2022-08-16T18:17:02.482Z [alunos] info: GET /alunos
2022-08-16T18:17:35.777Z [alunos] info: DELETE /alunos/:id - 2
2022-08-16T18:17:36.293Z [alunos] info: API Started!
2022-08-16T18:17:42.126Z [alunos] info: GET /alunos
2022-08-16T18:17:58.972Z [alunos] info: DELETE /alunos/:id - 5
2022-08-16T18:17:59.508Z [alunos] info: API Started!
2022-08-16T18:18:15.442Z [alunos] info: API Started!
2022-08-16T18:18:16.807Z [alunos] info: API Started!
2022-08-16T18:18:23.213Z [alunos] info: API Started!
2022-08-16T18:18:27.051Z [alunos] info: API Started!
2022-08-16T18:18:28.819Z [alunos] info: API Started!
2022-08-16T18:19:37.045Z [alunos] info: API Started!
2022-08-16T18:19:55.769Z [alunos] info: API Started!
2022-08-16T18:21:23.948Z [alunos] info: API Started!
2022-08-16T18:21:25.818Z [alunos] info: API Started!
2022-08-16T18:21:28.681Z [alunos] info: API Started!
2022-08-16T18:21:30.086Z [alunos] info: API Started!
2022-08-16T18:21:39.211Z [alunos] info: API Started!
2022-08-16T18:21:44.762Z [alunos] info: API Started!
2022-08-16T18:21:47.251Z [alunos] info: API Started!
2022-08-16T18:21:56.078Z [alunos] info: API Started!
2022-08-16T18:21:58.182Z [alunos] info: API Started!
2022-08-16T18:26:14.965Z [alunos] info: API Started!
2022-08-16T18:26:25.935Z [alunos] info: API Started!
2022-08-16T18:26:27.108Z [alunos] info: API Started!
2022-08-16T18:26:35.307Z [alunos] info: API Started!
2022-08-16T18:27:09.734Z [alunos] info: API Started!
2022-08-16T18:29:59.778Z [alunos] info: API Started!
2022-08-16T18:30:25.958Z [alunos] info: API Started!
2022-08-16T18:30:31.939Z [alunos] info: API Started!
2022-08-16T18:31:00.978Z [alunos] info: GET /alunos/:id
2022-08-16T18:32:00.542Z [alunos] info: GET /alunos/:id
2022-08-16T18:32:01.640Z [alunos] info: GET /alunos/:id
2022-08-16T18:32:31.629Z [alunos] info: GET /alunos/:id
2022-08-16T18:32:58.851Z [alunos] info: API Started!
2022-08-16T18:33:04.816Z [alunos] info: GET /alunos/:id
2022-08-16T18:33:21.179Z [alunos] info: API Started!
2022-08-16T18:33:22.517Z [alunos] info: API Started!
2022-08-16T18:33:24.811Z [alunos] info: API Started!
2022-08-16T18:33:28.292Z [alunos] info: API Started!
2022-08-16T18:33:30.525Z [alunos] info: API Started!
2022-08-16T18:33:32.205Z [alunos] info: GET /alunos/:id
2022-08-16T18:33:43.696Z [alunos] info: API Started!
2022-08-16T18:33:49.100Z [alunos] info: GET /alunos/:id
2022-08-16T18:33:50.566Z [alunos] info: GET /alunos/:id
2022-08-16T18:34:00.638Z [alunos] info: API Started!
2022-08-16T18:34:09.455Z [alunos] info: API Started!
2022-08-16T18:34:13.477Z [alunos] error: POST /alunos - Cannot read properties of undefined (reading 'filter')
2022-08-16T18:35:38.146Z [alunos] info: API Started!
2022-08-16T18:35:41.860Z [alunos] info: API Started!
2022-08-16T18:35:43.427Z [alunos] info: API Started!
2022-08-16T18:35:45.715Z [alunos] info: API Started!
2022-08-16T18:35:47.896Z [alunos] info: API Started!
2022-08-16T18:35:51.882Z [alunos] info: API Started!
2022-08-16T18:36:10.857Z [alunos] info: API Started!
2022-08-16T18:36:18.692Z [alunos] info: API Started!
2022-08-16T18:36:19.974Z [alunos] info: API Started!
2022-08-16T18:36:23.359Z [alunos] info: API Started!
2022-08-16T18:36:26.363Z [alunos] info: API Started!
2022-08-16T18:36:29.709Z [alunos] info: API Started!
2022-08-16T18:36:32.974Z [alunos] info: API Started!
2022-08-16T18:36:37.276Z [alunos] info: API Started!
2022-08-16T18:36:38.816Z [alunos] info: API Started!
2022-08-16T18:36:40.564Z [alunos] info: API Started!
2022-08-16T18:36:42.523Z [alunos] info: API Started!
2022-08-16T18:36:44.602Z [alunos] info: API Started!
2022-08-16T18:36:47.905Z [alunos] info: API Started!
2022-08-16T18:36:49.783Z [alunos] info: API Started!
2022-08-16T18:36:52.512Z [alunos] info: API Started!
2022-08-16T18:37:20.549Z [alunos] error: POST /alunos - Cannot read properties of undefined (reading 'filter')
2022-08-16T18:37:31.818Z [alunos] info: API Started!
2022-08-16T18:38:26.697Z [alunos] info: API Started!
2022-08-16T18:38:28.122Z [alunos] info: API Started!
2022-08-16T18:38:30.718Z [alunos] info: API Started!
2022-08-16T18:38:36.709Z [alunos] info: API Started!
2022-08-16T18:38:37.661Z [alunos] info: API Started!
2022-08-16T18:38:39.462Z [alunos] info: API Started!
2022-08-16T18:38:40.661Z [alunos] info: API Started!
2022-08-16T18:38:46.426Z [alunos] info: API Started!
2022-08-16T18:38:48.634Z [alunos] info: API Started!
2022-08-16T18:38:50.331Z [alunos] info: API Started!
2022-08-16T18:39:03.333Z [alunos] info: API Started!
2022-08-16T18:39:33.851Z [alunos] error: POST /alunos - Cannot read properties of undefined (reading 'filter')
2022-08-16T18:45:13.904Z [alunos] info: API Started!
2022-08-16T18:45:44.023Z [alunos] info: API Started!
